<?xml version="1.0" encoding="UTF-8"?>
<testng-results ignored="1" total="11" passed="10" failed="0" skipped="0">
  <reporter-output>
  </reporter-output>
  <suite started-at="2021-03-21T15:49:28 EDT" name="Loan Department" finished-at="2021-03-21T15:49:28 EDT" duration-ms="345">
    <groups>
      <group name="Smoke">
        <method signature="day2.SecondTest()[pri:0, instance:test.day2@3c87521]" name="SecondTest" class="test.day2"/>
        <method signature="day4.MobileLoginHomeLoan()[pri:0, instance:test.day4@2aece37d]" name="MobileLoginHomeLoan" class="test.day4"/>
        <method signature="day3.MobileSignOutCarLoan()[pri:0, instance:test.day3@71c8becc]" name="MobileSignOutCarLoan" class="test.day3"/>
      </group> <!-- Smoke -->
    </groups>
    <test started-at="2021-03-21T15:49:28 EDT" name="Personal Loan" finished-at="2021-03-21T15:49:28 EDT" duration-ms="56">
      <class name="test.day4">
        <test-method signature="APIHomeLoan()[pri:0, instance:test.day4@2aece37d]" started-at="2021-03-21T15:49:28 EDT" name="APIHomeLoan" finished-at="2021-03-21T15:49:28 EDT" duration-ms="1" status="PASS">
          <reporter-output>
          </reporter-output>
        </test-method> <!-- APIHomeLoan -->
        <test-method signature="MobileLoginHomeLoan()[pri:0, instance:test.day4@2aece37d]" started-at="2021-03-21T15:49:28 EDT" name="MobileLoginHomeLoan" finished-at="2021-03-21T15:49:28 EDT" duration-ms="1" status="PASS">
          <reporter-output>
          </reporter-output>
        </test-method> <!-- MobileLoginHomeLoan -->
        <test-method signature="WebloginHomeLoan()[pri:0, instance:test.day4@2aece37d]" started-at="2021-03-21T15:49:28 EDT" name="WebloginHomeLoan" finished-at="2021-03-21T15:49:28 EDT" duration-ms="2" status="PASS">
          <reporter-output>
          </reporter-output>
        </test-method> <!-- WebloginHomeLoan -->
      </class> <!-- test.day4 -->
      <class name="test.day2">
        <test-method signature="SecondTest()[pri:0, instance:test.day2@3c87521]" started-at="2021-03-21T15:49:28 EDT" name="SecondTest" finished-at="2021-03-21T15:49:28 EDT" duration-ms="2" status="PASS">
          <reporter-output>
          </reporter-output>
        </test-method> <!-- SecondTest -->
      </class> <!-- test.day2 -->
      <class name="test.day1">
        <test-method is-config="true" signature="fisrstTest()[pri:0, instance:test.day1@2ed0fbae]" started-at="2021-03-21T15:49:28 EDT" name="fisrstTest" finished-at="2021-03-21T15:49:28 EDT" duration-ms="0" status="PASS">
          <reporter-output>
          </reporter-output>
        </test-method> <!-- fisrstTest -->
        <test-method is-config="true" signature="aftereveryMethod()[pri:0, instance:test.day1@2ed0fbae]" started-at="2021-03-21T15:49:28 EDT" name="aftereveryMethod" finished-at="2021-03-21T15:49:28 EDT" duration-ms="1" status="PASS">
          <reporter-output>
          </reporter-output>
        </test-method> <!-- aftereveryMethod -->
        <test-method signature="FirstTest()[pri:0, instance:test.day1@2ed0fbae]" started-at="2021-03-21T15:49:28 EDT" name="FirstTest" finished-at="2021-03-21T15:49:28 EDT" duration-ms="7" status="PASS">
          <reporter-output>
          </reporter-output>
        </test-method> <!-- FirstTest -->
        <test-method is-config="true" signature="lastTest()[pri:0, instance:test.day1@2ed0fbae]" started-at="2021-03-21T15:49:28 EDT" name="lastTest" finished-at="2021-03-21T15:49:28 EDT" duration-ms="1" status="PASS">
          <reporter-output>
          </reporter-output>
        </test-method> <!-- lastTest -->
      </class> <!-- test.day1 -->
    </test> <!-- Personal Loan -->
    <test started-at="2021-03-21T15:49:28 EDT" name="Car Loan" finished-at="2021-03-21T15:49:28 EDT" duration-ms="19">
      <class name="test.day3">
        <test-method signature="APICarLoan()[pri:0, instance:test.day3@71c8becc]" started-at="2021-03-21T15:49:28 EDT" name="APICarLoan" finished-at="2021-03-21T15:49:28 EDT" duration-ms="1" status="PASS">
          <reporter-output>
          </reporter-output>
        </test-method> <!-- APICarLoan -->
        <test-method is-config="true" signature="aftereveryMethod()[pri:0, instance:test.day3@71c8becc]" started-at="2021-03-21T15:49:28 EDT" name="aftereveryMethod" finished-at="2021-03-21T15:49:28 EDT" duration-ms="1" status="PASS">
          <reporter-output>
          </reporter-output>
        </test-method> <!-- aftereveryMethod -->
        <test-method signature="MobileLogInCarLoan()[pri:0, instance:test.day3@71c8becc]" started-at="2021-03-21T15:49:28 EDT" name="MobileLogInCarLoan" finished-at="2021-03-21T15:49:28 EDT" duration-ms="1" status="PASS">
          <reporter-output>
          </reporter-output>
        </test-method> <!-- MobileLogInCarLoan -->
        <test-method is-config="true" signature="aftereveryMethod()[pri:0, instance:test.day3@71c8becc]" started-at="2021-03-21T15:49:28 EDT" name="aftereveryMethod" finished-at="2021-03-21T15:49:28 EDT" duration-ms="1" status="PASS">
          <reporter-output>
          </reporter-output>
        </test-method> <!-- aftereveryMethod -->
        <test-method signature="MobileSignInCarLoan()[pri:0, instance:test.day3@71c8becc]" started-at="2021-03-21T15:49:28 EDT" name="MobileSignInCarLoan" finished-at="2021-03-21T15:49:28 EDT" duration-ms="1" status="PASS">
          <reporter-output>
          </reporter-output>
        </test-method> <!-- MobileSignInCarLoan -->
        <test-method is-config="true" signature="aftereveryMethod()[pri:0, instance:test.day3@71c8becc]" started-at="2021-03-21T15:49:28 EDT" name="aftereveryMethod" finished-at="2021-03-21T15:49:28 EDT" duration-ms="0" status="PASS">
          <reporter-output>
          </reporter-output>
        </test-method> <!-- aftereveryMethod -->
        <test-method signature="MobileSignOutCarLoan()[pri:0, instance:test.day3@71c8becc]" started-at="2021-03-21T15:49:28 EDT" name="MobileSignOutCarLoan" finished-at="2021-03-21T15:49:28 EDT" duration-ms="1" status="PASS">
          <reporter-output>
          </reporter-output>
        </test-method> <!-- MobileSignOutCarLoan -->
        <test-method is-config="true" signature="aftereveryMethod()[pri:0, instance:test.day3@71c8becc]" started-at="2021-03-21T15:49:28 EDT" name="aftereveryMethod" finished-at="2021-03-21T15:49:28 EDT" duration-ms="0" status="PASS">
          <reporter-output>
          </reporter-output>
        </test-method> <!-- aftereveryMethod -->
        <test-method signature="WebloginCarLoan()[pri:0, instance:test.day3@71c8becc]" started-at="2021-03-21T15:49:28 EDT" name="WebloginCarLoan" finished-at="2021-03-21T15:49:28 EDT" duration-ms="1" status="PASS">
          <reporter-output>
          </reporter-output>
        </test-method> <!-- WebloginCarLoan -->
        <test-method is-config="true" signature="aftereveryMethod()[pri:0, instance:test.day3@71c8becc]" started-at="2021-03-21T15:49:28 EDT" name="aftereveryMethod" finished-at="2021-03-21T15:49:28 EDT" duration-ms="0" status="PASS">
          <reporter-output>
          </reporter-output>
        </test-method> <!-- aftereveryMethod -->
      </class> <!-- test.day3 -->
      <class name="test.day1">
        <test-method is-config="true" signature="fisrstSuite()[pri:0, instance:test.day1@2ed0fbae]" started-at="2021-03-21T15:49:28 EDT" name="fisrstSuite" finished-at="2021-03-21T15:49:28 EDT" duration-ms="11" status="PASS">
          <reporter-output>
          </reporter-output>
        </test-method> <!-- fisrstSuite -->
        <test-method is-config="true" signature="ultiomoSuite()[pri:0, instance:test.day1@2ed0fbae]" started-at="2021-03-21T15:49:28 EDT" name="ultiomoSuite" finished-at="2021-03-21T15:49:28 EDT" duration-ms="1" status="PASS">
          <reporter-output>
          </reporter-output>
        </test-method> <!-- ultiomoSuite -->
      </class> <!-- test.day1 -->
    </test> <!-- Car Loan -->
  </suite> <!-- Loan Department -->
</testng-results>
