<?xml version="1.0" encoding="UTF-8"?>
<!-- Generated by org.testng.reporters.JUnitXMLReporter -->
<testsuite ignored="0" hostname="Hendriks-MacBook-Air.local" failures="0" tests="5" name="Default test" time="0.04" errors="0" timestamp="2021-03-20T16:15:39 EDT">
  <testcase classname="test.day3" name="APICarLoan" time="0.006"/>
  <testcase classname="test.day3" name="MobileLogInCarLoan" time="0.001"/>
  <testcase classname="test.day3" name="MobileSignInCarLoan" time="0.0"/>
  <testcase classname="test.day3" name="MobileSignOutCarLoan" time="0.001"/>
  <testcase classname="test.day3" name="WebloginCarLoan" time="0.0"/>
</testsuite> <!-- Default test -->
