<?xml version="1.0" encoding="UTF-8"?>
<!-- Generated by org.testng.reporters.JUnitXMLReporter -->
<testsuite ignored="0" hostname="Hendriks-MacBook-Air.local" failures="0" tests="5" name="Car Loan" time="0.019" errors="0" timestamp="2021-03-21T15:49:28 EDT">
  <testcase classname="test.day3" name="APICarLoan" time="0.001"/>
  <testcase classname="test.day3" name="MobileLogInCarLoan" time="0.001"/>
  <testcase classname="test.day3" name="MobileSignInCarLoan" time="0.001"/>
  <testcase classname="test.day3" name="MobileSignOutCarLoan" time="0.001"/>
  <testcase classname="test.day3" name="WebloginCarLoan" time="0.001"/>
</testsuite> <!-- Car Loan -->
