<?xml version="1.0" encoding="UTF-8"?>
<!-- Generated by org.testng.reporters.JUnitXMLReporter -->
<testsuite ignored="1" hostname="Hendriks-MacBook-Air.local" failures="0" tests="5" name="Personal Loan" time="0.056" errors="0" timestamp="2021-03-21T15:49:28 EDT">
  <testcase classname="test.day1" name="FirstTest" time="0.007"/>
  <testcase classname="test.day2" name="SecondTest" time="0.002"/>
  <testcase classname="test.day4" name="APIHomeLoan" time="0.001"/>
  <testcase classname="test.day4" name="MobileLoginHomeLoan" time="0.001"/>
  <testcase classname="test.day4" name="WebloginHomeLoan" time="0.002"/>
  <testcase classname="test.day1" name="Demo" time="0.0">
    <ignored/>
  </testcase> <!-- Demo -->
</testsuite> <!-- Personal Loan -->
